  FuncTest.cpp
d:\code\vsc++2022file\c-plus-plus_record\c++_projectcode\nettransform\include\protobuf_lib\include\google\protobuf\stubs\status.h(97): warning C4251: “google::protobuf::util::status_internal::Status::error_message_”: class“std::basic_string<char,std::char_traits<char>,std::allocator<char>>”需要有 dll 接口由 class“google::protobuf::util::status_internal::Status”的客户端使用
  d:\code\vsc++\vc\tools\msvc\14.16.27023\include\xstring(4373): note: 参见“std::basic_string<char,std::char_traits<char>,std::allocator<char>>”的声明
d:\code\vsc++2022file\c-plus-plus_record\c++_projectcode\nettransform\include\protobuf_lib\include\google\protobuf\stubs\logging.h(100): warning C4251: “google::protobuf::internal::LogMessage::message_”: class“std::basic_string<char,std::char_traits<char>,std::allocator<char>>”需要有 dll 接口由 class“google::protobuf::internal::LogMessage”的客户端使用
  d:\code\vsc++\vc\tools\msvc\14.16.27023\include\xstring(4373): note: 参见“std::basic_string<char,std::char_traits<char>,std::allocator<char>>”的声明
d:\code\vsc++2022file\c-plus-plus_record\c++_projectcode\nettransform\include\protobuf_lib\include\google\protobuf\io\coded_stream.h(1282): warning C4251: “google::protobuf::io::CodedOutputStream::default_serialization_deterministic_”: struct“std::atomic<bool>”需要有 dll 接口由 class“google::protobuf::io::CodedOutputStream”的客户端使用
  d:\code\vsc++\vc\tools\msvc\14.16.27023\include\xxatomic(162): note: 参见“std::atomic<bool>”的声明
d:\code\vsc++2022file\c-plus-plus_record\c++_projectcode\nettransform\include\protobuf_lib\include\google\protobuf\arena_impl.h(307): warning C4251: “google::protobuf::internal::SerialArena::space_allocated_”: struct“std::atomic<unsigned __int64>”需要有 dll 接口由 class“google::protobuf::internal::SerialArena”的客户端使用
  d:\code\vsc++\vc\tools\msvc\14.16.27023\include\xxatomic(162): note: 参见“std::atomic<unsigned __int64>”的声明
d:\code\vsc++2022file\c-plus-plus_record\c++_projectcode\nettransform\include\protobuf_lib\include\google\protobuf\arena_impl.h(412): warning C4251: “google::protobuf::internal::ThreadSafeArena::alloc_policy_”: class“google::protobuf::internal::TaggedAllocationPolicyPtr”需要有 dll 接口由 class“google::protobuf::internal::ThreadSafeArena”的客户端使用
  d:\code\vsc++2022file\c-plus-plus_record\c++_projectcode\nettransform\include\protobuf_lib\include\google\protobuf\arena_impl.h(112): note: 参见“google::protobuf::internal::TaggedAllocationPolicyPtr”的声明
d:\code\vsc++2022file\c-plus-plus_record\c++_projectcode\nettransform\include\protobuf_lib\include\google\protobuf\arena_impl.h(415): warning C4251: “google::protobuf::internal::ThreadSafeArena::threads_”: struct“std::atomic<google::protobuf::internal::SerialArena *>”需要有 dll 接口由 class“google::protobuf::internal::ThreadSafeArena”的客户端使用
  d:\code\vsc++2022file\c-plus-plus_record\c++_projectcode\nettransform\include\protobuf_lib\include\google\protobuf\arena_impl.h(415): note: 参见“std::atomic<google::protobuf::internal::SerialArena *>”的声明
d:\code\vsc++2022file\c-plus-plus_record\c++_projectcode\nettransform\include\protobuf_lib\include\google\protobuf\arena_impl.h(416): warning C4251: “google::protobuf::internal::ThreadSafeArena::hint_”: struct“std::atomic<google::protobuf::internal::SerialArena *>”需要有 dll 接口由 class“google::protobuf::internal::ThreadSafeArena”的客户端使用
  d:\code\vsc++2022file\c-plus-plus_record\c++_projectcode\nettransform\include\protobuf_lib\include\google\protobuf\arena_impl.h(415): note: 参见“std::atomic<google::protobuf::internal::SerialArena *>”的声明
d:\code\vsc++2022file\c-plus-plus_record\c++_projectcode\nettransform\include\protobuf_lib\include\google\protobuf\arenastring.h(77): warning C4251: “google::protobuf::internal::LazyString::inited_”: struct“std::atomic<const std::string *>”需要有 dll 接口由 class“google::protobuf::internal::LazyString”的客户端使用
  d:\code\vsc++2022file\c-plus-plus_record\c++_projectcode\nettransform\include\protobuf_lib\include\google\protobuf\arenastring.h(77): note: 参见“std::atomic<const std::string *>”的声明
d:\code\vsc++2022file\c-plus-plus_record\c++_projectcode\nettransform\include\protobuf_lib\include\google\protobuf\arenastring.h(323): warning C4251: “google::protobuf::internal::ArenaStringPtr::tagged_ptr_”: class“google::protobuf::internal::TaggedPtr<std::string>”需要有 dll 接口由 struct“google::protobuf::internal::ArenaStringPtr”的客户端使用
  d:\code\vsc++2022file\c-plus-plus_record\c++_projectcode\nettransform\include\protobuf_lib\include\google\protobuf\arenastring.h(118): note: 参见“google::protobuf::internal::TaggedPtr<std::string>”的声明
d:\code\vsc++2022file\c-plus-plus_record\c++_projectcode\nettransform\include\protobuf_lib\include\google\protobuf\metadata_lite.h(261): warning C4251: “google::protobuf::internal::LiteUnknownFieldSetter::buffer_”: class“std::basic_string<char,std::char_traits<char>,std::allocator<char>>”需要有 dll 接口由 class“google::protobuf::internal::LiteUnknownFieldSetter”的客户端使用
  d:\code\vsc++\vc\tools\msvc\14.16.27023\include\xstring(4373): note: 参见“std::basic_string<char,std::char_traits<char>,std::allocator<char>>”的声明
d:\code\vsc++2022file\c-plus-plus_record\c++_projectcode\nettransform\include\protobuf_lib\include\google\protobuf\message_lite.h(445): warning C4251: “google::protobuf::MessageLite::_internal_metadata_”: class“google::protobuf::internal::InternalMetadata”需要有 dll 接口由 class“google::protobuf::MessageLite”的客户端使用
  d:\code\vsc++2022file\c-plus-plus_record\c++_projectcode\nettransform\include\protobuf_lib\include\google\protobuf\metadata_lite.h(62): note: 参见“google::protobuf::internal::InternalMetadata”的声明
d:\code\vsc++2022file\c-plus-plus_record\c++_projectcode\nettransform\include\protobuf_lib\include\google\protobuf\implicit_weak_message.h(93): warning C4251: “google::protobuf::internal::ImplicitWeakMessage::data_”: class“std::basic_string<char,std::char_traits<char>,std::allocator<char>>”需要有 dll 接口由 class“google::protobuf::internal::ImplicitWeakMessage”的客户端使用
  d:\code\vsc++\vc\tools\msvc\14.16.27023\include\xstring(4373): note: 参见“std::basic_string<char,std::char_traits<char>,std::allocator<char>>”的声明
d:\code\vsc++2022file\c-plus-plus_record\c++_projectcode\nettransform\include\protobuf_lib\include\google\protobuf\generated_message_util.h(193): warning C4251: “google::protobuf::internal::CachedSize::size_”: struct“std::atomic<int>”需要有 dll 接口由 class“google::protobuf::internal::CachedSize”的客户端使用
  d:\code\vsc++\vc\tools\msvc\14.16.27023\include\xxatomic(162): note: 参见“std::atomic<int>”的声明
d:\code\vsc++2022file\c-plus-plus_record\c++_projectcode\nettransform\include\protobuf_lib\include\google\protobuf\stubs\mutex.h(136): warning C4251: “google::protobuf::internal::WrappedMutex::mu_”: class“google::protobuf::internal::CallOnceInitializedMutex<std::mutex>”需要有 dll 接口由 class“google::protobuf::internal::WrappedMutex”的客户端使用
  d:\code\vsc++2022file\c-plus-plus_record\c++_projectcode\nettransform\include\protobuf_lib\include\google\protobuf\stubs\mutex.h(136): note: 参见“google::protobuf::internal::CallOnceInitializedMutex<std::mutex>”的声明
d:\code\vsc++2022file\c-plus-plus_record\c++_projectcode\nettransform\include\protobuf_lib\include\google\protobuf\descriptor.h(1627): warning C4251: “google::protobuf::FileDescriptor::LazyInitData::once”: struct“std::once_flag”需要有 dll 接口由 struct“google::protobuf::FileDescriptor::LazyInitData”的客户端使用
  d:\code\vsc++\vc\tools\msvc\14.16.27023\include\xcall_once.h(18): note: 参见“std::once_flag”的声明
d:\code\vsc++2022file\c-plus-plus_record\c++_projectcode\nettransform\include\protobuf_lib\include\google\protobuf\descriptor.h(2041): warning C4251: “google::protobuf::DescriptorPool::tables_”: class“std::unique_ptr<google::protobuf::DescriptorPool::Tables,std::default_delete<_Ty>>”需要有 dll 接口由 class“google::protobuf::DescriptorPool”的客户端使用
          with
          [
              _Ty=google::protobuf::DescriptorPool::Tables
          ]
  d:\code\vsc++2022file\c-plus-plus_record\c++_projectcode\nettransform\include\protobuf_lib\include\google\protobuf\descriptor.h(2041): note: 参见“std::unique_ptr<google::protobuf::DescriptorPool::Tables,std::default_delete<_Ty>>”的声明
          with
          [
              _Ty=google::protobuf::DescriptorPool::Tables
          ]
d:\code\vsc++2022file\c-plus-plus_record\c++_projectcode\nettransform\include\protobuf_lib\include\google\protobuf\descriptor.h(2051): warning C4251: “google::protobuf::DescriptorPool::unused_import_track_files_”: class“std::map<std::string,bool,std::less<_Kty>,std::allocator<std::pair<const _Kty,_Ty>>>”需要有 dll 接口由 class“google::protobuf::DescriptorPool”的客户端使用
          with
          [
              _Kty=std::string,
              _Ty=bool
          ]
  d:\code\vsc++2022file\c-plus-plus_record\c++_projectcode\nettransform\include\protobuf_lib\include\google\protobuf\descriptor.h(2051): note: 参见“std::map<std::string,bool,std::less<_Kty>,std::allocator<std::pair<const _Kty,_Ty>>>”的声明
          with
          [
              _Kty=std::string,
              _Ty=bool
          ]
d:\code\vsc++2022file\c-plus-plus_record\c++_projectcode\nettransform\include\protobuf_lib\include\google\protobuf\io\zero_copy_stream_impl_lite.h(243): warning C4251: “google::protobuf::io::CopyingInputStreamAdaptor::buffer_”: class“std::unique_ptr<uint8_t [],std::default_delete<_Ty>>”需要有 dll 接口由 class“google::protobuf::io::CopyingInputStreamAdaptor”的客户端使用
          with
          [
              _Ty=uint8_t []
          ]
  d:\code\vsc++2022file\c-plus-plus_record\c++_projectcode\nettransform\include\protobuf_lib\include\google\protobuf\io\zero_copy_stream_impl_lite.h(243): note: 参见“std::unique_ptr<uint8_t [],std::default_delete<_Ty>>”的声明
          with
          [
              _Ty=uint8_t []
          ]
d:\code\vsc++2022file\c-plus-plus_record\c++_projectcode\nettransform\include\protobuf_lib\include\google\protobuf\io\zero_copy_stream_impl_lite.h(334): warning C4251: “google::protobuf::io::CopyingOutputStreamAdaptor::buffer_”: class“std::unique_ptr<uint8_t [],std::default_delete<_Ty>>”需要有 dll 接口由 class“google::protobuf::io::CopyingOutputStreamAdaptor”的客户端使用
          with
          [
              _Ty=uint8_t []
          ]
  d:\code\vsc++2022file\c-plus-plus_record\c++_projectcode\nettransform\include\protobuf_lib\include\google\protobuf\io\zero_copy_stream_impl_lite.h(243): note: 参见“std::unique_ptr<uint8_t [],std::default_delete<_Ty>>”的声明
          with
          [
              _Ty=uint8_t []
          ]
d:\code\vsc++2022file\c-plus-plus_record\c++_projectcode\nettransform\include\protobuf_lib\include\google\protobuf\unknown_field_set.h(206): warning C4251: “google::protobuf::UnknownFieldSet::fields_”: class“std::vector<google::protobuf::UnknownField,std::allocator<_Ty>>”需要有 dll 接口由 class“google::protobuf::UnknownFieldSet”的客户端使用
          with
          [
              _Ty=google::protobuf::UnknownField
          ]
  d:\code\vsc++2022file\c-plus-plus_record\c++_projectcode\nettransform\include\protobuf_lib\include\google\protobuf\unknown_field_set.h(206): note: 参见“std::vector<google::protobuf::UnknownField,std::allocator<_Ty>>”的声明
          with
          [
              _Ty=google::protobuf::UnknownField
          ]
d:\code\vsc++2022file\c-plus-plus_record\c++_projectcode\nettransform\include\protobuf_lib\include\google\protobuf\extension_set.h(1070): warning C4251: “google::protobuf::internal::RepeatedPrimitiveDefaults::default_repeated_field_int32_t_”: class“google::protobuf::RepeatedField<int32_t>”需要有 dll 接口由 class“google::protobuf::internal::RepeatedPrimitiveDefaults”的客户端使用
  d:\code\vsc++2022file\c-plus-plus_record\c++_projectcode\nettransform\include\protobuf_lib\include\google\protobuf\repeated_field.h(1045): note: 参见“google::protobuf::RepeatedField<int32_t>”的声明
d:\code\vsc++2022file\c-plus-plus_record\c++_projectcode\nettransform\include\protobuf_lib\include\google\protobuf\extension_set.h(1071): warning C4251: “google::protobuf::internal::RepeatedPrimitiveDefaults::default_repeated_field_int64_t_”: class“google::protobuf::RepeatedField<int64_t>”需要有 dll 接口由 class“google::protobuf::internal::RepeatedPrimitiveDefaults”的客户端使用
  d:\code\vsc++2022file\c-plus-plus_record\c++_projectcode\nettransform\include\protobuf_lib\include\google\protobuf\repeated_field.h(1047): note: 参见“google::protobuf::RepeatedField<int64_t>”的声明
d:\code\vsc++2022file\c-plus-plus_record\c++_projectcode\nettransform\include\protobuf_lib\include\google\protobuf\extension_set.h(1072): warning C4251: “google::protobuf::internal::RepeatedPrimitiveDefaults::default_repeated_field_uint32_t_”: class“google::protobuf::RepeatedField<uint32_t>”需要有 dll 接口由 class“google::protobuf::internal::RepeatedPrimitiveDefaults”的客户端使用
  d:\code\vsc++2022file\c-plus-plus_record\c++_projectcode\nettransform\include\protobuf_lib\include\google\protobuf\repeated_field.h(1046): note: 参见“google::protobuf::RepeatedField<uint32_t>”的声明
d:\code\vsc++2022file\c-plus-plus_record\c++_projectcode\nettransform\include\protobuf_lib\include\google\protobuf\extension_set.h(1073): warning C4251: “google::protobuf::internal::RepeatedPrimitiveDefaults::default_repeated_field_uint64_t_”: class“google::protobuf::RepeatedField<uint64_t>”需要有 dll 接口由 class“google::protobuf::internal::RepeatedPrimitiveDefaults”的客户端使用
  d:\code\vsc++2022file\c-plus-plus_record\c++_projectcode\nettransform\include\protobuf_lib\include\google\protobuf\repeated_field.h(1048): note: 参见“google::protobuf::RepeatedField<uint64_t>”的声明
d:\code\vsc++2022file\c-plus-plus_record\c++_projectcode\nettransform\include\protobuf_lib\include\google\protobuf\extension_set.h(1074): warning C4251: “google::protobuf::internal::RepeatedPrimitiveDefaults::default_repeated_field_double_”: class“google::protobuf::RepeatedField<double>”需要有 dll 接口由 class“google::protobuf::internal::RepeatedPrimitiveDefaults”的客户端使用
  d:\code\vsc++2022file\c-plus-plus_record\c++_projectcode\nettransform\include\protobuf_lib\include\google\protobuf\repeated_field.h(1050): note: 参见“google::protobuf::RepeatedField<double>”的声明
d:\code\vsc++2022file\c-plus-plus_record\c++_projectcode\nettransform\include\protobuf_lib\include\google\protobuf\extension_set.h(1075): warning C4251: “google::protobuf::internal::RepeatedPrimitiveDefaults::default_repeated_field_float_”: class“google::protobuf::RepeatedField<float>”需要有 dll 接口由 class“google::protobuf::internal::RepeatedPrimitiveDefaults”的客户端使用
  d:\code\vsc++2022file\c-plus-plus_record\c++_projectcode\nettransform\include\protobuf_lib\include\google\protobuf\repeated_field.h(1049): note: 参见“google::protobuf::RepeatedField<float>”的声明
d:\code\vsc++2022file\c-plus-plus_record\c++_projectcode\nettransform\include\protobuf_lib\include\google\protobuf\extension_set.h(1076): warning C4251: “google::protobuf::internal::RepeatedPrimitiveDefaults::default_repeated_field_bool_”: class“google::protobuf::RepeatedField<bool>”需要有 dll 接口由 class“google::protobuf::internal::RepeatedPrimitiveDefaults”的客户端使用
  d:\code\vsc++2022file\c-plus-plus_record\c++_projectcode\nettransform\include\protobuf_lib\include\google\protobuf\repeated_field.h(1044): note: 参见“google::protobuf::RepeatedField<bool>”的声明
d:\code\vsc++2022file\c-plus-plus_record\c++_projectcode\nettransform\nettransform\functest\functest.cpp(102): warning C4267: “参数”: 从“size_t”转换到“int”，可能丢失数据
d:\code\vsc++2022file\c-plus-plus_record\c++_projectcode\nettransform\nettransform\functest\functest.cpp(131): warning C4267: “参数”: 从“size_t”转换到“int”，可能丢失数据
d:\code\vsc++2022file\c-plus-plus_record\c++_projectcode\nettransform\nettransform\functest\functest.cpp(139): warning C4267: “参数”: 从“size_t”转换到“int”，可能丢失数据
d:\code\vsc++2022file\c-plus-plus_record\c++_projectcode\nettransform\nettransform\functest\functest.cpp(166): warning C4267: “参数”: 从“size_t”转换到“DWORD”，可能丢失数据
d:\code\vsc++2022file\c-plus-plus_record\c++_projectcode\nettransform\nettransform\functest\functest.cpp(174): warning C4244: “参数”: 从“double”转换到“DWORD”，可能丢失数据
d:\code\vsc++2022file\c-plus-plus_record\c++_projectcode\nettransform\nettransform\functest\functest.cpp(177): warning C4267: “参数”: 从“size_t”转换到“DWORD”，可能丢失数据
d:\code\vsc++2022file\c-plus-plus_record\c++_projectcode\nettransform\nettransform\functest\functest.cpp(188): warning C4267: “参数”: 从“size_t”转换到“DWORD”，可能丢失数据
d:\code\vsc++2022file\c-plus-plus_record\c++_projectcode\nettransform\nettransform\functest\functest.cpp(209): warning C4477: “printf”: 格式字符串“%d”需要类型“int”的参数，但可变参数 2 拥有了类型“size_t”
  d:\code\vsc++2022file\c-plus-plus_record\c++_projectcode\nettransform\nettransform\functest\functest.cpp(209): note: 请考虑在格式字符串中使用“%zd”
  NetTransform.vcxproj -> D:\Code\VsC++2022File\C-Plus-Plus_Record\C++_ProjectCode\NetTransform\x64\Debug\NetTransform.exe
