d:\code\vsc++2022file\c-plus-plus_record\c++_projectcode\nettransform\nettransform\x64\debug\vc141.pdb
d:\code\vsc++2022file\c-plus-plus_record\c++_projectcode\nettransform\nettransform\x64\debug\vc141.idb
d:\code\vsc++2022file\c-plus-plus_record\c++_projectcode\nettransform\nettransform\x64\debug\threadpool.obj
d:\code\vsc++2022file\c-plus-plus_record\c++_projectcode\nettransform\nettransform\x64\debug\tcpsocket.obj
d:\code\vsc++2022file\c-plus-plus_record\c++_projectcode\nettransform\nettransform\x64\debug\tcpserver.obj
d:\code\vsc++2022file\c-plus-plus_record\c++_projectcode\nettransform\nettransform\x64\debug\response.obj
d:\code\vsc++2022file\c-plus-plus_record\c++_projectcode\nettransform\nettransform\x64\debug\request.obj
d:\code\vsc++2022file\c-plus-plus_record\c++_projectcode\nettransform\nettransform\x64\debug\message.pb.obj
d:\code\vsc++2022file\c-plus-plus_record\c++_projectcode\nettransform\nettransform\x64\debug\codec.obj
d:\code\vsc++2022file\c-plus-plus_record\c++_projectcode\nettransform\nettransform\x64\debug\memoryshare.obj
d:\code\vsc++2022file\c-plus-plus_record\c++_projectcode\nettransform\nettransform\x64\debug\main.obj
d:\code\vsc++2022file\c-plus-plus_record\c++_projectcode\nettransform\nettransform\x64\debug\functest.obj
d:\code\vsc++2022file\c-plus-plus_record\c++_projectcode\nettransform\nettransform\x64\debug\encrypt.obj
d:\code\vsc++2022file\c-plus-plus_record\c++_projectcode\nettransform\nettransform\x64\debug\libapitest.obj
d:\code\vsc++2022file\c-plus-plus_record\c++_projectcode\nettransform\x64\debug\nettransform.lib
d:\code\vsc++2022file\c-plus-plus_record\c++_projectcode\nettransform\x64\debug\nettransform.exp
d:\code\vsc++2022file\c-plus-plus_record\c++_projectcode\nettransform\x64\debug\nettransform.pdb
d:\code\vsc++2022file\c-plus-plus_record\c++_projectcode\nettransform\nettransform\x64\debug\nettransform.tlog\cl.command.1.tlog
d:\code\vsc++2022file\c-plus-plus_record\c++_projectcode\nettransform\nettransform\x64\debug\nettransform.tlog\cl.read.1.tlog
d:\code\vsc++2022file\c-plus-plus_record\c++_projectcode\nettransform\nettransform\x64\debug\nettransform.tlog\cl.write.1.tlog
d:\code\vsc++2022file\c-plus-plus_record\c++_projectcode\nettransform\nettransform\x64\debug\nettransform.tlog\link.2776-cvtres.read.1.tlog
d:\code\vsc++2022file\c-plus-plus_record\c++_projectcode\nettransform\nettransform\x64\debug\nettransform.tlog\link.2776-cvtres.write.1.tlog
d:\code\vsc++2022file\c-plus-plus_record\c++_projectcode\nettransform\nettransform\x64\debug\nettransform.tlog\link.2776-rc.read.1.tlog
d:\code\vsc++2022file\c-plus-plus_record\c++_projectcode\nettransform\nettransform\x64\debug\nettransform.tlog\link.2776-rc.write.1.tlog
d:\code\vsc++2022file\c-plus-plus_record\c++_projectcode\nettransform\nettransform\x64\debug\nettransform.tlog\link.2776.read.1.tlog
d:\code\vsc++2022file\c-plus-plus_record\c++_projectcode\nettransform\nettransform\x64\debug\nettransform.tlog\link.2776.write.1.tlog
d:\code\vsc++2022file\c-plus-plus_record\c++_projectcode\nettransform\nettransform\x64\debug\nettransform.tlog\link.command.1.tlog
d:\code\vsc++2022file\c-plus-plus_record\c++_projectcode\nettransform\nettransform\x64\debug\nettransform.tlog\link.read.1.tlog
d:\code\vsc++2022file\c-plus-plus_record\c++_projectcode\nettransform\nettransform\x64\debug\nettransform.tlog\link.write.1.tlog
d:\code\vsc++2022file\c-plus-plus_record\c++_projectcode\nettransform\nettransform\x64\debug\nettransform.tlog\nettransform.write.1u.tlog
